The system is: Linux - 4.4.0-38-generic - x86_64
Compiling the C compiler identification source file "CMakeCCompilerId.c" succeeded.
Compiler: /usr/bin/cc 
Build flags: 
Id flags: 

The output was:
0


Compilation of the C compiler identification source "CMakeCCompilerId.c" produced "a.out"

The C compiler identification is GNU, found in "/home/eduardo/Documents/CuarzoPlayer/lib/taglib-1.11.1/CMakeFiles/3.5.1/CompilerIdC/a.out"

Compiling the CXX compiler identification source file "CMakeCXXCompilerId.cpp" succeeded.
Compiler: /usr/bin/c++ 
Build flags: 
Id flags: 

The output was:
0


Compilation of the CXX compiler identification source "CMakeCXXCompilerId.cpp" produced "a.out"

The CXX compiler identification is GNU, found in "/home/eduardo/Documents/CuarzoPlayer/lib/taglib-1.11.1/CMakeFiles/3.5.1/CompilerIdCXX/a.out"

Determining if the C compiler works passed with the following output:
Change Dir: /home/eduardo/Documents/CuarzoPlayer/lib/taglib-1.11.1/CMakeFiles/CMakeTmp

Run Build Command:"/usr/bin/make" "cmTC_e7c35/fast"
/usr/bin/make -f CMakeFiles/cmTC_e7c35.dir/build.make CMakeFiles/cmTC_e7c35.dir/build
make[1]: Entering directory '/home/eduardo/Documents/CuarzoPlayer/lib/taglib-1.11.1/CMakeFiles/CMakeTmp'
Building C object CMakeFiles/cmTC_e7c35.dir/testCCompiler.c.o
/usr/bin/cc     -o CMakeFiles/cmTC_e7c35.dir/testCCompiler.c.o   -c /home/eduardo/Documents/CuarzoPlayer/lib/taglib-1.11.1/CMakeFiles/CMakeTmp/testCCompiler.c
Linking C executable cmTC_e7c35
/usr/bin/cmake -E cmake_link_script CMakeFiles/cmTC_e7c35.dir/link.txt --verbose=1
/usr/bin/cc       CMakeFiles/cmTC_e7c35.dir/testCCompiler.c.o  -o cmTC_e7c35 -rdynamic 
make[1]: Leaving directory '/home/eduardo/Documents/CuarzoPlayer/lib/taglib-1.11.1/CMakeFiles/CMakeTmp'


Detecting C compiler ABI info compiled with the following output:
Change Dir: /home/eduardo/Documents/CuarzoPlayer/lib/taglib-1.11.1/CMakeFiles/CMakeTmp

Run Build Command:"/usr/bin/make" "cmTC_e5cc9/fast"
/usr/bin/make -f CMakeFiles/cmTC_e5cc9.dir/build.make CMakeFiles/cmTC_e5cc9.dir/build
make[1]: Entering directory '/home/eduardo/Documents/CuarzoPlayer/lib/taglib-1.11.1/CMakeFiles/CMakeTmp'
Building C object CMakeFiles/cmTC_e5cc9.dir/CMakeCCompilerABI.c.o
/usr/bin/cc     -o CMakeFiles/cmTC_e5cc9.dir/CMakeCCompilerABI.c.o   -c /usr/share/cmake-3.5/Modules/CMakeCCompilerABI.c
Linking C executable cmTC_e5cc9
/usr/bin/cmake -E cmake_link_script CMakeFiles/cmTC_e5cc9.dir/link.txt --verbose=1
/usr/bin/cc      -v CMakeFiles/cmTC_e5cc9.dir/CMakeCCompilerABI.c.o  -o cmTC_e5cc9 -rdynamic  
Using built-in specs.
COLLECT_GCC=/usr/bin/cc
COLLECT_LTO_WRAPPER=/usr/lib/gcc/x86_64-linux-gnu/5/lto-wrapper
Target: x86_64-linux-gnu
Configured with: ../src/configure -v --with-pkgversion='Ubuntu 5.4.0-6ubuntu1~16.04.2' --with-bugurl=file:///usr/share/doc/gcc-5/README.Bugs --enable-languages=c,ada,c++,java,go,d,fortran,objc,obj-c++ --prefix=/usr --program-suffix=-5 --enable-shared --enable-linker-build-id --libexecdir=/usr/lib --without-included-gettext --enable-threads=posix --libdir=/usr/lib --enable-nls --with-sysroot=/ --enable-clocale=gnu --enable-libstdcxx-debug --enable-libstdcxx-time=yes --with-default-libstdcxx-abi=new --enable-gnu-unique-object --disable-vtable-verify --enable-libmpx --enable-plugin --with-system-zlib --disable-browser-plugin --enable-java-awt=gtk --enable-gtk-cairo --with-java-home=/usr/lib/jvm/java-1.5.0-gcj-5-amd64/jre --enable-java-home --with-jvm-root-dir=/usr/lib/jvm/java-1.5.0-gcj-5-amd64 --with-jvm-jar-dir=/usr/lib/jvm-exports/java-1.5.0-gcj-5-amd64 --with-arch-directory=amd64 --with-ecj-jar=/usr/share/java/eclipse-ecj.jar --enable-objc-gc --enable-multiarch --disable-werror --with-arch-32=i686 --with-abi=m64 --with-multilib-list=m32,m64,mx32 --enable-multilib --with-tune=generic --enable-checking=release --build=x86_64-linux-gnu --host=x86_64-linux-gnu --target=x86_64-linux-gnu
Thread model: posix
gcc version 5.4.0 20160609 (Ubuntu 5.4.0-6ubuntu1~16.04.2) 
COMPILER_PATH=/usr/lib/gcc/x86_64-linux-gnu/5/:/usr/lib/gcc/x86_64-linux-gnu/5/:/usr/lib/gcc/x86_64-linux-gnu/:/usr/lib/gcc/x86_64-linux-gnu/5/:/usr/lib/gcc/x86_64-linux-gnu/
LIBRARY_PATH=/usr/lib/gcc/x86_64-linux-gnu/5/:/usr/lib/gcc/x86_64-linux-gnu/5/../../../x86_64-linux-gnu/:/usr/lib/gcc/x86_64-linux-gnu/5/../../../../lib/:/lib/x86_64-linux-gnu/:/lib/../lib/:/usr/lib/x86_64-linux-gnu/:/usr/lib/../lib/:/usr/lib/gcc/x86_64-linux-gnu/5/../../../:/lib/:/usr/lib/
COLLECT_GCC_OPTIONS='-v' '-o' 'cmTC_e5cc9' '-rdynamic' '-mtune=generic' '-march=x86-64'
 /usr/lib/gcc/x86_64-linux-gnu/5/collect2 -plugin /usr/lib/gcc/x86_64-linux-gnu/5/liblto_plugin.so -plugin-opt=/usr/lib/gcc/x86_64-linux-gnu/5/lto-wrapper -plugin-opt=-fresolution=/tmp/ccz5Kp9g.res -plugin-opt=-pass-through=-lgcc -plugin-opt=-pass-through=-lgcc_s -plugin-opt=-pass-through=-lc -plugin-opt=-pass-through=-lgcc -plugin-opt=-pass-through=-lgcc_s --sysroot=/ --build-id --eh-frame-hdr -m elf_x86_64 --hash-style=gnu --as-needed -export-dynamic -dynamic-linker /lib64/ld-linux-x86-64.so.2 -z relro -o cmTC_e5cc9 /usr/lib/gcc/x86_64-linux-gnu/5/../../../x86_64-linux-gnu/crt1.o /usr/lib/gcc/x86_64-linux-gnu/5/../../../x86_64-linux-gnu/crti.o /usr/lib/gcc/x86_64-linux-gnu/5/crtbegin.o -L/usr/lib/gcc/x86_64-linux-gnu/5 -L/usr/lib/gcc/x86_64-linux-gnu/5/../../../x86_64-linux-gnu -L/usr/lib/gcc/x86_64-linux-gnu/5/../../../../lib -L/lib/x86_64-linux-gnu -L/lib/../lib -L/usr/lib/x86_64-linux-gnu -L/usr/lib/../lib -L/usr/lib/gcc/x86_64-linux-gnu/5/../../.. CMakeFiles/cmTC_e5cc9.dir/CMakeCCompilerABI.c.o -lgcc --as-needed -lgcc_s --no-as-needed -lc -lgcc --as-needed -lgcc_s --no-as-needed /usr/lib/gcc/x86_64-linux-gnu/5/crtend.o /usr/lib/gcc/x86_64-linux-gnu/5/../../../x86_64-linux-gnu/crtn.o
make[1]: Leaving directory '/home/eduardo/Documents/CuarzoPlayer/lib/taglib-1.11.1/CMakeFiles/CMakeTmp'


Parsed C implicit link information from above output:
  link line regex: [^( *|.*[/\])(ld|([^/\]+-)?ld|collect2)[^/\]*( |$)]
  ignore line: [Change Dir: /home/eduardo/Documents/CuarzoPlayer/lib/taglib-1.11.1/CMakeFiles/CMakeTmp]
  ignore line: []
  ignore line: [Run Build Command:"/usr/bin/make" "cmTC_e5cc9/fast"]
  ignore line: [/usr/bin/make -f CMakeFiles/cmTC_e5cc9.dir/build.make CMakeFiles/cmTC_e5cc9.dir/build]
  ignore line: [make[1]: Entering directory '/home/eduardo/Documents/CuarzoPlayer/lib/taglib-1.11.1/CMakeFiles/CMakeTmp']
  ignore line: [Building C object CMakeFiles/cmTC_e5cc9.dir/CMakeCCompilerABI.c.o]
  ignore line: [/usr/bin/cc     -o CMakeFiles/cmTC_e5cc9.dir/CMakeCCompilerABI.c.o   -c /usr/share/cmake-3.5/Modules/CMakeCCompilerABI.c]
  ignore line: [Linking C executable cmTC_e5cc9]
  ignore line: [/usr/bin/cmake -E cmake_link_script CMakeFiles/cmTC_e5cc9.dir/link.txt --verbose=1]
  ignore line: [/usr/bin/cc      -v CMakeFiles/cmTC_e5cc9.dir/CMakeCCompilerABI.c.o  -o cmTC_e5cc9 -rdynamic  ]
  ignore line: [Using built-in specs.]
  ignore line: [COLLECT_GCC=/usr/bin/cc]
  ignore line: [COLLECT_LTO_WRAPPER=/usr/lib/gcc/x86_64-linux-gnu/5/lto-wrapper]
  ignore line: [Target: x86_64-linux-gnu]
  ignore line: [Configured with: ../src/configure -v --with-pkgversion='Ubuntu 5.4.0-6ubuntu1~16.04.2' --with-bugurl=file:///usr/share/doc/gcc-5/README.Bugs --enable-languages=c,ada,c++,java,go,d,fortran,objc,obj-c++ --prefix=/usr --program-suffix=-5 --enable-shared --enable-linker-build-id --libexecdir=/usr/lib --without-included-gettext --enable-threads=posix --libdir=/usr/lib --enable-nls --with-sysroot=/ --enable-clocale=gnu --enable-libstdcxx-debug --enable-libstdcxx-time=yes --with-default-libstdcxx-abi=new --enable-gnu-unique-object --disable-vtable-verify --enable-libmpx --enable-plugin --with-system-zlib --disable-browser-plugin --enable-java-awt=gtk --enable-gtk-cairo --with-java-home=/usr/lib/jvm/java-1.5.0-gcj-5-amd64/jre --enable-java-home --with-jvm-root-dir=/usr/lib/jvm/java-1.5.0-gcj-5-amd64 --with-jvm-jar-dir=/usr/lib/jvm-exports/java-1.5.0-gcj-5-amd64 --with-arch-directory=amd64 --with-ecj-jar=/usr/share/java/eclipse-ecj.jar --enable-objc-gc --enable-multiarch --disable-werror --with-arch-32=i686 --with-abi=m64 --with-multilib-list=m32,m64,mx32 --enable-multilib --with-tune=generic --enable-checking=release --build=x86_64-linux-gnu --host=x86_64-linux-gnu --target=x86_64-linux-gnu]
  ignore line: [Thread model: posix]
  ignore line: [gcc version 5.4.0 20160609 (Ubuntu 5.4.0-6ubuntu1~16.04.2) ]
  ignore line: [COMPILER_PATH=/usr/lib/gcc/x86_64-linux-gnu/5/:/usr/lib/gcc/x86_64-linux-gnu/5/:/usr/lib/gcc/x86_64-linux-gnu/:/usr/lib/gcc/x86_64-linux-gnu/5/:/usr/lib/gcc/x86_64-linux-gnu/]
  ignore line: [LIBRARY_PATH=/usr/lib/gcc/x86_64-linux-gnu/5/:/usr/lib/gcc/x86_64-linux-gnu/5/../../../x86_64-linux-gnu/:/usr/lib/gcc/x86_64-linux-gnu/5/../../../../lib/:/lib/x86_64-linux-gnu/:/lib/../lib/:/usr/lib/x86_64-linux-gnu/:/usr/lib/../lib/:/usr/lib/gcc/x86_64-linux-gnu/5/../../../:/lib/:/usr/lib/]
  ignore line: [COLLECT_GCC_OPTIONS='-v' '-o' 'cmTC_e5cc9' '-rdynamic' '-mtune=generic' '-march=x86-64']
  link line: [ /usr/lib/gcc/x86_64-linux-gnu/5/collect2 -plugin /usr/lib/gcc/x86_64-linux-gnu/5/liblto_plugin.so -plugin-opt=/usr/lib/gcc/x86_64-linux-gnu/5/lto-wrapper -plugin-opt=-fresolution=/tmp/ccz5Kp9g.res -plugin-opt=-pass-through=-lgcc -plugin-opt=-pass-through=-lgcc_s -plugin-opt=-pass-through=-lc -plugin-opt=-pass-through=-lgcc -plugin-opt=-pass-through=-lgcc_s --sysroot=/ --build-id --eh-frame-hdr -m elf_x86_64 --hash-style=gnu --as-needed -export-dynamic -dynamic-linker /lib64/ld-linux-x86-64.so.2 -z relro -o cmTC_e5cc9 /usr/lib/gcc/x86_64-linux-gnu/5/../../../x86_64-linux-gnu/crt1.o /usr/lib/gcc/x86_64-linux-gnu/5/../../../x86_64-linux-gnu/crti.o /usr/lib/gcc/x86_64-linux-gnu/5/crtbegin.o -L/usr/lib/gcc/x86_64-linux-gnu/5 -L/usr/lib/gcc/x86_64-linux-gnu/5/../../../x86_64-linux-gnu -L/usr/lib/gcc/x86_64-linux-gnu/5/../../../../lib -L/lib/x86_64-linux-gnu -L/lib/../lib -L/usr/lib/x86_64-linux-gnu -L/usr/lib/../lib -L/usr/lib/gcc/x86_64-linux-gnu/5/../../.. CMakeFiles/cmTC_e5cc9.dir/CMakeCCompilerABI.c.o -lgcc --as-needed -lgcc_s --no-as-needed -lc -lgcc --as-needed -lgcc_s --no-as-needed /usr/lib/gcc/x86_64-linux-gnu/5/crtend.o /usr/lib/gcc/x86_64-linux-gnu/5/../../../x86_64-linux-gnu/crtn.o]
    arg [/usr/lib/gcc/x86_64-linux-gnu/5/collect2] ==> ignore
    arg [-plugin] ==> ignore
    arg [/usr/lib/gcc/x86_64-linux-gnu/5/liblto_plugin.so] ==> ignore
    arg [-plugin-opt=/usr/lib/gcc/x86_64-linux-gnu/5/lto-wrapper] ==> ignore
    arg [-plugin-opt=-fresolution=/tmp/ccz5Kp9g.res] ==> ignore
    arg [-plugin-opt=-pass-through=-lgcc] ==> ignore
    arg [-plugin-opt=-pass-through=-lgcc_s] ==> ignore
    arg [-plugin-opt=-pass-through=-lc] ==> ignore
    arg [-plugin-opt=-pass-through=-lgcc] ==> ignore
    arg [-plugin-opt=-pass-through=-lgcc_s] ==> ignore
    arg [--sysroot=/] ==> ignore
    arg [--build-id] ==> ignore
    arg [--eh-frame-hdr] ==> ignore
    arg [-m] ==> ignore
    arg [elf_x86_64] ==> ignore
    arg [--hash-style=gnu] ==> ignore
    arg [--as-needed] ==> ignore
    arg [-export-dynamic] ==> ignore
    arg [-dynamic-linker] ==> ignore
    arg [/lib64/ld-linux-x86-64.so.2] ==> ignore
    arg [-zrelro] ==> ignore
    arg [-o] ==> ignore
    arg [cmTC_e5cc9] ==> ignore
    arg [/usr/lib/gcc/x86_64-linux-gnu/5/../../../x86_64-linux-gnu/crt1.o] ==> ignore
    arg [/usr/lib/gcc/x86_64-linux-gnu/5/../../../x86_64-linux-gnu/crti.o] ==> ignore
    arg [/usr/lib/gcc/x86_64-linux-gnu/5/crtbegin.o] ==> ignore
    arg [-L/usr/lib/gcc/x86_64-linux-gnu/5] ==> dir [/usr/lib/gcc/x86_64-linux-gnu/5]
    arg [-L/usr/lib/gcc/x86_64-linux-gnu/5/../../../x86_64-linux-gnu] ==> dir [/usr/lib/gcc/x86_64-linux-gnu/5/../../../x86_64-linux-gnu]
    arg [-L/usr/lib/gcc/x86_64-linux-gnu/5/../../../../lib] ==> dir [/usr/lib/gcc/x86_64-linux-gnu/5/../../../../lib]
    arg [-L/lib/x86_64-linux-gnu] ==> dir [/lib/x86_64-linux-gnu]
    arg [-L/lib/../lib] ==> dir [/lib/../lib]
    arg [-L/usr/lib/x86_64-linux-gnu] ==> dir [/usr/lib/x86_64-linux-gnu]
    arg [-L/usr/lib/../lib] ==> dir [/usr/lib/../lib]
    arg [-L/usr/lib/gcc/x86_64-linux-gnu/5/../../..] ==> dir [/usr/lib/gcc/x86_64-linux-gnu/5/../../..]
    arg [CMakeFiles/cmTC_e5cc9.dir/CMakeCCompilerABI.c.o] ==> ignore
    arg [-lgcc] ==> lib [gcc]
    arg [--as-needed] ==> ignore
    arg [-lgcc_s] ==> lib [gcc_s]
    arg [--no-as-needed] ==> ignore
    arg [-lc] ==> lib [c]
    arg [-lgcc] ==> lib [gcc]
    arg [--as-needed] ==> ignore
    arg [-lgcc_s] ==> lib [gcc_s]
    arg [--no-as-needed] ==> ignore
    arg [/usr/lib/gcc/x86_64-linux-gnu/5/crtend.o] ==> ignore
    arg [/usr/lib/gcc/x86_64-linux-gnu/5/../../../x86_64-linux-gnu/crtn.o] ==> ignore
  remove lib [gcc]
  remove lib [gcc_s]
  remove lib [gcc]
  remove lib [gcc_s]
  collapse library dir [/usr/lib/gcc/x86_64-linux-gnu/5] ==> [/usr/lib/gcc/x86_64-linux-gnu/5]
  collapse library dir [/usr/lib/gcc/x86_64-linux-gnu/5/../../../x86_64-linux-gnu] ==> [/usr/lib/x86_64-linux-gnu]
  collapse library dir [/usr/lib/gcc/x86_64-linux-gnu/5/../../../../lib] ==> [/usr/lib]
  collapse library dir [/lib/x86_64-linux-gnu] ==> [/lib/x86_64-linux-gnu]
  collapse library dir [/lib/../lib] ==> [/lib]
  collapse library dir [/usr/lib/x86_64-linux-gnu] ==> [/usr/lib/x86_64-linux-gnu]
  collapse library dir [/usr/lib/../lib] ==> [/usr/lib]
  collapse library dir [/usr/lib/gcc/x86_64-linux-gnu/5/../../..] ==> [/usr/lib]
  implicit libs: [c]
  implicit dirs: [/usr/lib/gcc/x86_64-linux-gnu/5;/usr/lib/x86_64-linux-gnu;/usr/lib;/lib/x86_64-linux-gnu;/lib]
  implicit fwks: []




Detecting C [-std=c11] compiler features compiled with the following output:
Change Dir: /home/eduardo/Documents/CuarzoPlayer/lib/taglib-1.11.1/CMakeFiles/CMakeTmp

Run Build Command:"/usr/bin/make" "cmTC_043b6/fast"
/usr/bin/make -f CMakeFiles/cmTC_043b6.dir/build.make CMakeFiles/cmTC_043b6.dir/build
make[1]: Entering directory '/home/eduardo/Documents/CuarzoPlayer/lib/taglib-1.11.1/CMakeFiles/CMakeTmp'
Building C object CMakeFiles/cmTC_043b6.dir/feature_tests.c.o
/usr/bin/cc    -std=c11 -o CMakeFiles/cmTC_043b6.dir/feature_tests.c.o   -c /home/eduardo/Documents/CuarzoPlayer/lib/taglib-1.11.1/CMakeFiles/feature_tests.c
Linking C executable cmTC_043b6
/usr/bin/cmake -E cmake_link_script CMakeFiles/cmTC_043b6.dir/link.txt --verbose=1
/usr/bin/cc       CMakeFiles/cmTC_043b6.dir/feature_tests.c.o  -o cmTC_043b6 -rdynamic 
make[1]: Leaving directory '/home/eduardo/Documents/CuarzoPlayer/lib/taglib-1.11.1/CMakeFiles/CMakeTmp'


    Feature record: C_FEATURE:1c_function_prototypes
    Feature record: C_FEATURE:1c_restrict
    Feature record: C_FEATURE:1c_static_assert
    Feature record: C_FEATURE:1c_variadic_macros


Detecting C [-std=c99] compiler features compiled with the following output:
Change Dir: /home/eduardo/Documents/CuarzoPlayer/lib/taglib-1.11.1/CMakeFiles/CMakeTmp

Run Build Command:"/usr/bin/make" "cmTC_b1a8f/fast"
/usr/bin/make -f CMakeFiles/cmTC_b1a8f.dir/build.make CMakeFiles/cmTC_b1a8f.dir/build
make[1]: Entering directory '/home/eduardo/Documents/CuarzoPlayer/lib/taglib-1.11.1/CMakeFiles/CMakeTmp'
Building C object CMakeFiles/cmTC_b1a8f.dir/feature_tests.c.o
/usr/bin/cc    -std=c99 -o CMakeFiles/cmTC_b1a8f.dir/feature_tests.c.o   -c /home/eduardo/Documents/CuarzoPlayer/lib/taglib-1.11.1/CMakeFiles/feature_tests.c
Linking C executable cmTC_b1a8f
/usr/bin/cmake -E cmake_link_script CMakeFiles/cmTC_b1a8f.dir/link.txt --verbose=1
/usr/bin/cc       CMakeFiles/cmTC_b1a8f.dir/feature_tests.c.o  -o cmTC_b1a8f -rdynamic 
make[1]: Leaving directory '/home/eduardo/Documents/CuarzoPlayer/lib/taglib-1.11.1/CMakeFiles/CMakeTmp'


    Feature record: C_FEATURE:1c_function_prototypes
    Feature record: C_FEATURE:1c_restrict
    Feature record: C_FEATURE:0c_static_assert
    Feature record: C_FEATURE:1c_variadic_macros


Detecting C [-std=c90] compiler features compiled with the following output:
Change Dir: /home/eduardo/Documents/CuarzoPlayer/lib/taglib-1.11.1/CMakeFiles/CMakeTmp

Run Build Command:"/usr/bin/make" "cmTC_baa5a/fast"
/usr/bin/make -f CMakeFiles/cmTC_baa5a.dir/build.make CMakeFiles/cmTC_baa5a.dir/build
make[1]: Entering directory '/home/eduardo/Documents/CuarzoPlayer/lib/taglib-1.11.1/CMakeFiles/CMakeTmp'
Building C object CMakeFiles/cmTC_baa5a.dir/feature_tests.c.o
/usr/bin/cc    -std=c90 -o CMakeFiles/cmTC_baa5a.dir/feature_tests.c.o   -c /home/eduardo/Documents/CuarzoPlayer/lib/taglib-1.11.1/CMakeFiles/feature_tests.c
Linking C executable cmTC_baa5a
/usr/bin/cmake -E cmake_link_script CMakeFiles/cmTC_baa5a.dir/link.txt --verbose=1
/usr/bin/cc       CMakeFiles/cmTC_baa5a.dir/feature_tests.c.o  -o cmTC_baa5a -rdynamic 
make[1]: Leaving directory '/home/eduardo/Documents/CuarzoPlayer/lib/taglib-1.11.1/CMakeFiles/CMakeTmp'


    Feature record: C_FEATURE:1c_function_prototypes
    Feature record: C_FEATURE:0c_restrict
    Feature record: C_FEATURE:0c_static_assert
    Feature record: C_FEATURE:0c_variadic_macros
Determining if the CXX compiler works passed with the following output:
Change Dir: /home/eduardo/Documents/CuarzoPlayer/lib/taglib-1.11.1/CMakeFiles/CMakeTmp

Run Build Command:"/usr/bin/make" "cmTC_3f03c/fast"
/usr/bin/make -f CMakeFiles/cmTC_3f03c.dir/build.make CMakeFiles/cmTC_3f03c.dir/build
make[1]: Entering directory '/home/eduardo/Documents/CuarzoPlayer/lib/taglib-1.11.1/CMakeFiles/CMakeTmp'
Building CXX object CMakeFiles/cmTC_3f03c.dir/testCXXCompiler.cxx.o
/usr/bin/c++      -o CMakeFiles/cmTC_3f03c.dir/testCXXCompiler.cxx.o -c /home/eduardo/Documents/CuarzoPlayer/lib/taglib-1.11.1/CMakeFiles/CMakeTmp/testCXXCompiler.cxx
Linking CXX executable cmTC_3f03c
/usr/bin/cmake -E cmake_link_script CMakeFiles/cmTC_3f03c.dir/link.txt --verbose=1
/usr/bin/c++        CMakeFiles/cmTC_3f03c.dir/testCXXCompiler.cxx.o  -o cmTC_3f03c -rdynamic 
make[1]: Leaving directory '/home/eduardo/Documents/CuarzoPlayer/lib/taglib-1.11.1/CMakeFiles/CMakeTmp'


Detecting CXX compiler ABI info compiled with the following output:
Change Dir: /home/eduardo/Documents/CuarzoPlayer/lib/taglib-1.11.1/CMakeFiles/CMakeTmp

Run Build Command:"/usr/bin/make" "cmTC_223c0/fast"
/usr/bin/make -f CMakeFiles/cmTC_223c0.dir/build.make CMakeFiles/cmTC_223c0.dir/build
make[1]: Entering directory '/home/eduardo/Documents/CuarzoPlayer/lib/taglib-1.11.1/CMakeFiles/CMakeTmp'
Building CXX object CMakeFiles/cmTC_223c0.dir/CMakeCXXCompilerABI.cpp.o
/usr/bin/c++      -o CMakeFiles/cmTC_223c0.dir/CMakeCXXCompilerABI.cpp.o -c /usr/share/cmake-3.5/Modules/CMakeCXXCompilerABI.cpp
Linking CXX executable cmTC_223c0
/usr/bin/cmake -E cmake_link_script CMakeFiles/cmTC_223c0.dir/link.txt --verbose=1
/usr/bin/c++       -v CMakeFiles/cmTC_223c0.dir/CMakeCXXCompilerABI.cpp.o  -o cmTC_223c0 -rdynamic  
Using built-in specs.
COLLECT_GCC=/usr/bin/c++
COLLECT_LTO_WRAPPER=/usr/lib/gcc/x86_64-linux-gnu/5/lto-wrapper
Target: x86_64-linux-gnu
Configured with: ../src/configure -v --with-pkgversion='Ubuntu 5.4.0-6ubuntu1~16.04.2' --with-bugurl=file:///usr/share/doc/gcc-5/README.Bugs --enable-languages=c,ada,c++,java,go,d,fortran,objc,obj-c++ --prefix=/usr --program-suffix=-5 --enable-shared --enable-linker-build-id --libexecdir=/usr/lib --without-included-gettext --enable-threads=posix --libdir=/usr/lib --enable-nls --with-sysroot=/ --enable-clocale=gnu --enable-libstdcxx-debug --enable-libstdcxx-time=yes --with-default-libstdcxx-abi=new --enable-gnu-unique-object --disable-vtable-verify --enable-libmpx --enable-plugin --with-system-zlib --disable-browser-plugin --enable-java-awt=gtk --enable-gtk-cairo --with-java-home=/usr/lib/jvm/java-1.5.0-gcj-5-amd64/jre --enable-java-home --with-jvm-root-dir=/usr/lib/jvm/java-1.5.0-gcj-5-amd64 --with-jvm-jar-dir=/usr/lib/jvm-exports/java-1.5.0-gcj-5-amd64 --with-arch-directory=amd64 --with-ecj-jar=/usr/share/java/eclipse-ecj.jar --enable-objc-gc --enable-multiarch --disable-werror --with-arch-32=i686 --with-abi=m64 --with-multilib-list=m32,m64,mx32 --enable-multilib --with-tune=generic --enable-checking=release --build=x86_64-linux-gnu --host=x86_64-linux-gnu --target=x86_64-linux-gnu
Thread model: posix
gcc version 5.4.0 20160609 (Ubuntu 5.4.0-6ubuntu1~16.04.2) 
COMPILER_PATH=/usr/lib/gcc/x86_64-linux-gnu/5/:/usr/lib/gcc/x86_64-linux-gnu/5/:/usr/lib/gcc/x86_64-linux-gnu/:/usr/lib/gcc/x86_64-linux-gnu/5/:/usr/lib/gcc/x86_64-linux-gnu/
LIBRARY_PATH=/usr/lib/gcc/x86_64-linux-gnu/5/:/usr/lib/gcc/x86_64-linux-gnu/5/../../../x86_64-linux-gnu/:/usr/lib/gcc/x86_64-linux-gnu/5/../../../../lib/:/lib/x86_64-linux-gnu/:/lib/../lib/:/usr/lib/x86_64-linux-gnu/:/usr/lib/../lib/:/usr/lib/gcc/x86_64-linux-gnu/5/../../../:/lib/:/usr/lib/
COLLECT_GCC_OPTIONS='-v' '-o' 'cmTC_223c0' '-rdynamic' '-shared-libgcc' '-mtune=generic' '-march=x86-64'
 /usr/lib/gcc/x86_64-linux-gnu/5/collect2 -plugin /usr/lib/gcc/x86_64-linux-gnu/5/liblto_plugin.so -plugin-opt=/usr/lib/gcc/x86_64-linux-gnu/5/lto-wrapper -plugin-opt=-fresolution=/tmp/ccga0AeN.res -plugin-opt=-pass-through=-lgcc_s -plugin-opt=-pass-through=-lgcc -plugin-opt=-pass-through=-lc -plugin-opt=-pass-through=-lgcc_s -plugin-opt=-pass-through=-lgcc --sysroot=/ --build-id --eh-frame-hdr -m elf_x86_64 --hash-style=gnu --as-needed -export-dynamic -dynamic-linker /lib64/ld-linux-x86-64.so.2 -z relro -o cmTC_223c0 /usr/lib/gcc/x86_64-linux-gnu/5/../../../x86_64-linux-gnu/crt1.o /usr/lib/gcc/x86_64-linux-gnu/5/../../../x86_64-linux-gnu/crti.o /usr/lib/gcc/x86_64-linux-gnu/5/crtbegin.o -L/usr/lib/gcc/x86_64-linux-gnu/5 -L/usr/lib/gcc/x86_64-linux-gnu/5/../../../x86_64-linux-gnu -L/usr/lib/gcc/x86_64-linux-gnu/5/../../../../lib -L/lib/x86_64-linux-gnu -L/lib/../lib -L/usr/lib/x86_64-linux-gnu -L/usr/lib/../lib -L/usr/lib/gcc/x86_64-linux-gnu/5/../../.. CMakeFiles/cmTC_223c0.dir/CMakeCXXCompilerABI.cpp.o -lstdc++ -lm -lgcc_s -lgcc -lc -lgcc_s -lgcc /usr/lib/gcc/x86_64-linux-gnu/5/crtend.o /usr/lib/gcc/x86_64-linux-gnu/5/../../../x86_64-linux-gnu/crtn.o
make[1]: Leaving directory '/home/eduardo/Documents/CuarzoPlayer/lib/taglib-1.11.1/CMakeFiles/CMakeTmp'


Parsed CXX implicit link information from above output:
  link line regex: [^( *|.*[/\])(ld|([^/\]+-)?ld|collect2)[^/\]*( |$)]
  ignore line: [Change Dir: /home/eduardo/Documents/CuarzoPlayer/lib/taglib-1.11.1/CMakeFiles/CMakeTmp]
  ignore line: []
  ignore line: [Run Build Command:"/usr/bin/make" "cmTC_223c0/fast"]
  ignore line: [/usr/bin/make -f CMakeFiles/cmTC_223c0.dir/build.make CMakeFiles/cmTC_223c0.dir/build]
  ignore line: [make[1]: Entering directory '/home/eduardo/Documents/CuarzoPlayer/lib/taglib-1.11.1/CMakeFiles/CMakeTmp']
  ignore line: [Building CXX object CMakeFiles/cmTC_223c0.dir/CMakeCXXCompilerABI.cpp.o]
  ignore line: [/usr/bin/c++      -o CMakeFiles/cmTC_223c0.dir/CMakeCXXCompilerABI.cpp.o -c /usr/share/cmake-3.5/Modules/CMakeCXXCompilerABI.cpp]
  ignore line: [Linking CXX executable cmTC_223c0]
  ignore line: [/usr/bin/cmake -E cmake_link_script CMakeFiles/cmTC_223c0.dir/link.txt --verbose=1]
  ignore line: [/usr/bin/c++       -v CMakeFiles/cmTC_223c0.dir/CMakeCXXCompilerABI.cpp.o  -o cmTC_223c0 -rdynamic  ]
  ignore line: [Using built-in specs.]
  ignore line: [COLLECT_GCC=/usr/bin/c++]
  ignore line: [COLLECT_LTO_WRAPPER=/usr/lib/gcc/x86_64-linux-gnu/5/lto-wrapper]
  ignore line: [Target: x86_64-linux-gnu]
  ignore line: [Configured with: ../src/configure -v --with-pkgversion='Ubuntu 5.4.0-6ubuntu1~16.04.2' --with-bugurl=file:///usr/share/doc/gcc-5/README.Bugs --enable-languages=c,ada,c++,java,go,d,fortran,objc,obj-c++ --prefix=/usr --program-suffix=-5 --enable-shared --enable-linker-build-id --libexecdir=/usr/lib --without-included-gettext --enable-threads=posix --libdir=/usr/lib --enable-nls --with-sysroot=/ --enable-clocale=gnu --enable-libstdcxx-debug --enable-libstdcxx-time=yes --with-default-libstdcxx-abi=new --enable-gnu-unique-object --disable-vtable-verify --enable-libmpx --enable-plugin --with-system-zlib --disable-browser-plugin --enable-java-awt=gtk --enable-gtk-cairo --with-java-home=/usr/lib/jvm/java-1.5.0-gcj-5-amd64/jre --enable-java-home --with-jvm-root-dir=/usr/lib/jvm/java-1.5.0-gcj-5-amd64 --with-jvm-jar-dir=/usr/lib/jvm-exports/java-1.5.0-gcj-5-amd64 --with-arch-directory=amd64 --with-ecj-jar=/usr/share/java/eclipse-ecj.jar --enable-objc-gc --enable-multiarch --disable-werror --with-arch-32=i686 --with-abi=m64 --with-multilib-list=m32,m64,mx32 --enable-multilib --with-tune=generic --enable-checking=release --build=x86_64-linux-gnu --host=x86_64-linux-gnu --target=x86_64-linux-gnu]
  ignore line: [Thread model: posix]
  ignore line: [gcc version 5.4.0 20160609 (Ubuntu 5.4.0-6ubuntu1~16.04.2) ]
  ignore line: [COMPILER_PATH=/usr/lib/gcc/x86_64-linux-gnu/5/:/usr/lib/gcc/x86_64-linux-gnu/5/:/usr/lib/gcc/x86_64-linux-gnu/:/usr/lib/gcc/x86_64-linux-gnu/5/:/usr/lib/gcc/x86_64-linux-gnu/]
  ignore line: [LIBRARY_PATH=/usr/lib/gcc/x86_64-linux-gnu/5/:/usr/lib/gcc/x86_64-linux-gnu/5/../../../x86_64-linux-gnu/:/usr/lib/gcc/x86_64-linux-gnu/5/../../../../lib/:/lib/x86_64-linux-gnu/:/lib/../lib/:/usr/lib/x86_64-linux-gnu/:/usr/lib/../lib/:/usr/lib/gcc/x86_64-linux-gnu/5/../../../:/lib/:/usr/lib/]
  ignore line: [COLLECT_GCC_OPTIONS='-v' '-o' 'cmTC_223c0' '-rdynamic' '-shared-libgcc' '-mtune=generic' '-march=x86-64']
  link line: [ /usr/lib/gcc/x86_64-linux-gnu/5/collect2 -plugin /usr/lib/gcc/x86_64-linux-gnu/5/liblto_plugin.so -plugin-opt=/usr/lib/gcc/x86_64-linux-gnu/5/lto-wrapper -plugin-opt=-fresolution=/tmp/ccga0AeN.res -plugin-opt=-pass-through=-lgcc_s -plugin-opt=-pass-through=-lgcc -plugin-opt=-pass-through=-lc -plugin-opt=-pass-through=-lgcc_s -plugin-opt=-pass-through=-lgcc --sysroot=/ --build-id --eh-frame-hdr -m elf_x86_64 --hash-style=gnu --as-needed -export-dynamic -dynamic-linker /lib64/ld-linux-x86-64.so.2 -z relro -o cmTC_223c0 /usr/lib/gcc/x86_64-linux-gnu/5/../../../x86_64-linux-gnu/crt1.o /usr/lib/gcc/x86_64-linux-gnu/5/../../../x86_64-linux-gnu/crti.o /usr/lib/gcc/x86_64-linux-gnu/5/crtbegin.o -L/usr/lib/gcc/x86_64-linux-gnu/5 -L/usr/lib/gcc/x86_64-linux-gnu/5/../../../x86_64-linux-gnu -L/usr/lib/gcc/x86_64-linux-gnu/5/../../../../lib -L/lib/x86_64-linux-gnu -L/lib/../lib -L/usr/lib/x86_64-linux-gnu -L/usr/lib/../lib -L/usr/lib/gcc/x86_64-linux-gnu/5/../../.. CMakeFiles/cmTC_223c0.dir/CMakeCXXCompilerABI.cpp.o -lstdc++ -lm -lgcc_s -lgcc -lc -lgcc_s -lgcc /usr/lib/gcc/x86_64-linux-gnu/5/crtend.o /usr/lib/gcc/x86_64-linux-gnu/5/../../../x86_64-linux-gnu/crtn.o]
    arg [/usr/lib/gcc/x86_64-linux-gnu/5/collect2] ==> ignore
    arg [-plugin] ==> ignore
    arg [/usr/lib/gcc/x86_64-linux-gnu/5/liblto_plugin.so] ==> ignore
    arg [-plugin-opt=/usr/lib/gcc/x86_64-linux-gnu/5/lto-wrapper] ==> ignore
    arg [-plugin-opt=-fresolution=/tmp/ccga0AeN.res] ==> ignore
    arg [-plugin-opt=-pass-through=-lgcc_s] ==> ignore
    arg [-plugin-opt=-pass-through=-lgcc] ==> ignore
    arg [-plugin-opt=-pass-through=-lc] ==> ignore
    arg [-plugin-opt=-pass-through=-lgcc_s] ==> ignore
    arg [-plugin-opt=-pass-through=-lgcc] ==> ignore
    arg [--sysroot=/] ==> ignore
    arg [--build-id] ==> ignore
    arg [--eh-frame-hdr] ==> ignore
    arg [-m] ==> ignore
    arg [elf_x86_64] ==> ignore
    arg [--hash-style=gnu] ==> ignore
    arg [--as-needed] ==> ignore
    arg [-export-dynamic] ==> ignore
    arg [-dynamic-linker] ==> ignore
    arg [/lib64/ld-linux-x86-64.so.2] ==> ignore
    arg [-zrelro] ==> ignore
    arg [-o] ==> ignore
    arg [cmTC_223c0] ==> ignore
    arg [/usr/lib/gcc/x86_64-linux-gnu/5/../../../x86_64-linux-gnu/crt1.o] ==> ignore
    arg [/usr/lib/gcc/x86_64-linux-gnu/5/../../../x86_64-linux-gnu/crti.o] ==> ignore
    arg [/usr/lib/gcc/x86_64-linux-gnu/5/crtbegin.o] ==> ignore
    arg [-L/usr/lib/gcc/x86_64-linux-gnu/5] ==> dir [/usr/lib/gcc/x86_64-linux-gnu/5]
    arg [-L/usr/lib/gcc/x86_64-linux-gnu/5/../../../x86_64-linux-gnu] ==> dir [/usr/lib/gcc/x86_64-linux-gnu/5/../../../x86_64-linux-gnu]
    arg [-L/usr/lib/gcc/x86_64-linux-gnu/5/../../../../lib] ==> dir [/usr/lib/gcc/x86_64-linux-gnu/5/../../../../lib]
    arg [-L/lib/x86_64-linux-gnu] ==> dir [/lib/x86_64-linux-gnu]
    arg [-L/lib/../lib] ==> dir [/lib/../lib]
    arg [-L/usr/lib/x86_64-linux-gnu] ==> dir [/usr/lib/x86_64-linux-gnu]
    arg [-L/usr/lib/../lib] ==> dir [/usr/lib/../lib]
    arg [-L/usr/lib/gcc/x86_64-linux-gnu/5/../../..] ==> dir [/usr/lib/gcc/x86_64-linux-gnu/5/../../..]
    arg [CMakeFiles/cmTC_223c0.dir/CMakeCXXCompilerABI.cpp.o] ==> ignore
    arg [-lstdc++] ==> lib [stdc++]
    arg [-lm] ==> lib [m]
    arg [-lgcc_s] ==> lib [gcc_s]
    arg [-lgcc] ==> lib [gcc]
    arg [-lc] ==> lib [c]
    arg [-lgcc_s] ==> lib [gcc_s]
    arg [-lgcc] ==> lib [gcc]
    arg [/usr/lib/gcc/x86_64-linux-gnu/5/crtend.o] ==> ignore
    arg [/usr/lib/gcc/x86_64-linux-gnu/5/../../../x86_64-linux-gnu/crtn.o] ==> ignore
  remove lib [gcc_s]
  remove lib [gcc]
  remove lib [gcc_s]
  remove lib [gcc]
  collapse library dir [/usr/lib/gcc/x86_64-linux-gnu/5] ==> [/usr/lib/gcc/x86_64-linux-gnu/5]
  collapse library dir [/usr/lib/gcc/x86_64-linux-gnu/5/../../../x86_64-linux-gnu] ==> [/usr/lib/x86_64-linux-gnu]
  collapse library dir [/usr/lib/gcc/x86_64-linux-gnu/5/../../../../lib] ==> [/usr/lib]
  collapse library dir [/lib/x86_64-linux-gnu] ==> [/lib/x86_64-linux-gnu]
  collapse library dir [/lib/../lib] ==> [/lib]
  collapse library dir [/usr/lib/x86_64-linux-gnu] ==> [/usr/lib/x86_64-linux-gnu]
  collapse library dir [/usr/lib/../lib] ==> [/usr/lib]
  collapse library dir [/usr/lib/gcc/x86_64-linux-gnu/5/../../..] ==> [/usr/lib]
  implicit libs: [stdc++;m;c]
  implicit dirs: [/usr/lib/gcc/x86_64-linux-gnu/5;/usr/lib/x86_64-linux-gnu;/usr/lib;/lib/x86_64-linux-gnu;/lib]
  implicit fwks: []




Detecting CXX [-std=c++14] compiler features compiled with the following output:
Change Dir: /home/eduardo/Documents/CuarzoPlayer/lib/taglib-1.11.1/CMakeFiles/CMakeTmp

Run Build Command:"/usr/bin/make" "cmTC_3ebff/fast"
/usr/bin/make -f CMakeFiles/cmTC_3ebff.dir/build.make CMakeFiles/cmTC_3ebff.dir/build
make[1]: Entering directory '/home/eduardo/Documents/CuarzoPlayer/lib/taglib-1.11.1/CMakeFiles/CMakeTmp'
Building CXX object CMakeFiles/cmTC_3ebff.dir/feature_tests.cxx.o
/usr/bin/c++     -std=c++14 -o CMakeFiles/cmTC_3ebff.dir/feature_tests.cxx.o -c /home/eduardo/Documents/CuarzoPlayer/lib/taglib-1.11.1/CMakeFiles/feature_tests.cxx
Linking CXX executable cmTC_3ebff
/usr/bin/cmake -E cmake_link_script CMakeFiles/cmTC_3ebff.dir/link.txt --verbose=1
/usr/bin/c++        CMakeFiles/cmTC_3ebff.dir/feature_tests.cxx.o  -o cmTC_3ebff -rdynamic 
make[1]: Leaving directory '/home/eduardo/Documents/CuarzoPlayer/lib/taglib-1.11.1/CMakeFiles/CMakeTmp'


    Feature record: CXX_FEATURE:1cxx_aggregate_default_initializers
    Feature record: CXX_FEATURE:1cxx_alias_templates
    Feature record: CXX_FEATURE:1cxx_alignas
    Feature record: CXX_FEATURE:1cxx_alignof
    Feature record: CXX_FEATURE:1cxx_attributes
    Feature record: CXX_FEATURE:1cxx_attribute_deprecated
    Feature record: CXX_FEATURE:1cxx_auto_type
    Feature record: CXX_FEATURE:1cxx_binary_literals
    Feature record: CXX_FEATURE:1cxx_constexpr
    Feature record: CXX_FEATURE:1cxx_contextual_conversions
    Feature record: CXX_FEATURE:1cxx_decltype
    Feature record: CXX_FEATURE:1cxx_decltype_auto
    Feature record: CXX_FEATURE:1cxx_decltype_incomplete_return_types
    Feature record: CXX_FEATURE:1cxx_default_function_template_args
    Feature record: CXX_FEATURE:1cxx_defaulted_functions
    Feature record: CXX_FEATURE:1cxx_defaulted_move_initializers
    Feature record: CXX_FEATURE:1cxx_delegating_constructors
    Feature record: CXX_FEATURE:1cxx_deleted_functions
    Feature record: CXX_FEATURE:1cxx_digit_separators
    Feature record: CXX_FEATURE:1cxx_enum_forward_declarations
    Feature record: CXX_FEATURE:1cxx_explicit_conversions
    Feature record: CXX_FEATURE:1cxx_extended_friend_declarations
    Feature record: CXX_FEATURE:1cxx_extern_templates
    Feature record: CXX_FEATURE:1cxx_final
    Feature record: CXX_FEATURE:1cxx_func_identifier
    Feature record: CXX_FEATURE:1cxx_generalized_initializers
    Feature record: CXX_FEATURE:1cxx_generic_lambdas
    Feature record: CXX_FEATURE:1cxx_inheriting_constructors
    Feature record: CXX_FEATURE:1cxx_inline_namespaces
    Feature record: CXX_FEATURE:1cxx_lambdas
    Feature record: CXX_FEATURE:1cxx_lambda_init_captures
    Feature record: CXX_FEATURE:1cxx_local_type_template_args
    Feature record: CXX_FEATURE:1cxx_long_long_type
    Feature record: CXX_FEATURE:1cxx_noexcept
    Feature record: CXX_FEATURE:1cxx_nonstatic_member_init
    Feature record: CXX_FEATURE:1cxx_nullptr
    Feature record: CXX_FEATURE:1cxx_override
    Feature record: CXX_FEATURE:1cxx_range_for
    Feature record: CXX_FEATURE:1cxx_raw_string_literals
    Feature record: CXX_FEATURE:1cxx_reference_qualified_functions
    Feature record: CXX_FEATURE:1cxx_relaxed_constexpr
    Feature record: CXX_FEATURE:1cxx_return_type_deduction
    Feature record: CXX_FEATURE:1cxx_right_angle_brackets
    Feature record: CXX_FEATURE:1cxx_rvalue_references
    Feature record: CXX_FEATURE:1cxx_sizeof_member
    Feature record: CXX_FEATURE:1cxx_static_assert
    Feature record: CXX_FEATURE:1cxx_strong_enums
    Feature record: CXX_FEATURE:1cxx_template_template_parameters
    Feature record: CXX_FEATURE:1cxx_thread_local
    Feature record: CXX_FEATURE:1cxx_trailing_return_types
    Feature record: CXX_FEATURE:1cxx_unicode_literals
    Feature record: CXX_FEATURE:1cxx_uniform_initialization
    Feature record: CXX_FEATURE:1cxx_unrestricted_unions
    Feature record: CXX_FEATURE:1cxx_user_literals
    Feature record: CXX_FEATURE:1cxx_variable_templates
    Feature record: CXX_FEATURE:1cxx_variadic_macros
    Feature record: CXX_FEATURE:1cxx_variadic_templates


Detecting CXX [-std=c++11] compiler features compiled with the following output:
Change Dir: /home/eduardo/Documents/CuarzoPlayer/lib/taglib-1.11.1/CMakeFiles/CMakeTmp

Run Build Command:"/usr/bin/make" "cmTC_ad91a/fast"
/usr/bin/make -f CMakeFiles/cmTC_ad91a.dir/build.make CMakeFiles/cmTC_ad91a.dir/build
make[1]: Entering directory '/home/eduardo/Documents/CuarzoPlayer/lib/taglib-1.11.1/CMakeFiles/CMakeTmp'
Building CXX object CMakeFiles/cmTC_ad91a.dir/feature_tests.cxx.o
/usr/bin/c++     -std=c++11 -o CMakeFiles/cmTC_ad91a.dir/feature_tests.cxx.o -c /home/eduardo/Documents/CuarzoPlayer/lib/taglib-1.11.1/CMakeFiles/feature_tests.cxx
Linking CXX executable cmTC_ad91a
/usr/bin/cmake -E cmake_link_script CMakeFiles/cmTC_ad91a.dir/link.txt --verbose=1
/usr/bin/c++        CMakeFiles/cmTC_ad91a.dir/feature_tests.cxx.o  -o cmTC_ad91a -rdynamic 
make[1]: Leaving directory '/home/eduardo/Documents/CuarzoPlayer/lib/taglib-1.11.1/CMakeFiles/CMakeTmp'


    Feature record: CXX_FEATURE:0cxx_aggregate_default_initializers
    Feature record: CXX_FEATURE:1cxx_alias_templates
    Feature record: CXX_FEATURE:1cxx_alignas
    Feature record: CXX_FEATURE:1cxx_alignof
    Feature record: CXX_FEATURE:1cxx_attributes
    Feature record: CXX_FEATURE:0cxx_attribute_deprecated
    Feature record: CXX_FEATURE:1cxx_auto_type
    Feature record: CXX_FEATURE:0cxx_binary_literals
    Feature record: CXX_FEATURE:1cxx_constexpr
    Feature record: CXX_FEATURE:0cxx_contextual_conversions
    Feature record: CXX_FEATURE:1cxx_decltype
    Feature record: CXX_FEATURE:0cxx_decltype_auto
    Feature record: CXX_FEATURE:1cxx_decltype_incomplete_return_types
    Feature record: CXX_FEATURE:1cxx_default_function_template_args
    Feature record: CXX_FEATURE:1cxx_defaulted_functions
    Feature record: CXX_FEATURE:1cxx_defaulted_move_initializers
    Feature record: CXX_FEATURE:1cxx_delegating_constructors
    Feature record: CXX_FEATURE:1cxx_deleted_functions
    Feature record: CXX_FEATURE:0cxx_digit_separators
    Feature record: CXX_FEATURE:1cxx_enum_forward_declarations
    Feature record: CXX_FEATURE:1cxx_explicit_conversions
    Feature record: CXX_FEATURE:1cxx_extended_friend_declarations
    Feature record: CXX_FEATURE:1cxx_extern_templates
    Feature record: CXX_FEATURE:1cxx_final
    Feature record: CXX_FEATURE:1cxx_func_identifier
    Feature record: CXX_FEATURE:1cxx_generalized_initializers
    Feature record: CXX_FEATURE:0cxx_generic_lambdas
    Feature record: CXX_FEATURE:1cxx_inheriting_constructors
    Feature record: CXX_FEATURE:1cxx_inline_namespaces
    Feature record: CXX_FEATURE:1cxx_lambdas
    Feature record: CXX_FEATURE:0cxx_lambda_init_captures
    Feature record: CXX_FEATURE:1cxx_local_type_template_args
    Feature record: CXX_FEATURE:1cxx_long_long_type
    Feature record: CXX_FEATURE:1cxx_noexcept
    Feature record: CXX_FEATURE:1cxx_nonstatic_member_init
    Feature record: CXX_FEATURE:1cxx_nullptr
    Feature record: CXX_FEATURE:1cxx_override
    Feature record: CXX_FEATURE:1cxx_range_for
    Feature record: CXX_FEATURE:1cxx_raw_string_literals
    Feature record: CXX_FEATURE:1cxx_reference_qualified_functions
    Feature record: CXX_FEATURE:0cxx_relaxed_constexpr
    Feature record: CXX_FEATURE:0cxx_return_type_deduction
    Feature record: CXX_FEATURE:1cxx_right_angle_brackets
    Feature record: CXX_FEATURE:1cxx_rvalue_references
    Feature record: CXX_FEATURE:1cxx_sizeof_member
    Feature record: CXX_FEATURE:1cxx_static_assert
    Feature record: CXX_FEATURE:1cxx_strong_enums
    Feature record: CXX_FEATURE:1cxx_template_template_parameters
    Feature record: CXX_FEATURE:1cxx_thread_local
    Feature record: CXX_FEATURE:1cxx_trailing_return_types
    Feature record: CXX_FEATURE:1cxx_unicode_literals
    Feature record: CXX_FEATURE:1cxx_uniform_initialization
    Feature record: CXX_FEATURE:1cxx_unrestricted_unions
    Feature record: CXX_FEATURE:1cxx_user_literals
    Feature record: CXX_FEATURE:0cxx_variable_templates
    Feature record: CXX_FEATURE:1cxx_variadic_macros
    Feature record: CXX_FEATURE:1cxx_variadic_templates


Detecting CXX [-std=c++98] compiler features compiled with the following output:
Change Dir: /home/eduardo/Documents/CuarzoPlayer/lib/taglib-1.11.1/CMakeFiles/CMakeTmp

Run Build Command:"/usr/bin/make" "cmTC_b99b7/fast"
/usr/bin/make -f CMakeFiles/cmTC_b99b7.dir/build.make CMakeFiles/cmTC_b99b7.dir/build
make[1]: Entering directory '/home/eduardo/Documents/CuarzoPlayer/lib/taglib-1.11.1/CMakeFiles/CMakeTmp'
Building CXX object CMakeFiles/cmTC_b99b7.dir/feature_tests.cxx.o
/usr/bin/c++     -std=c++98 -o CMakeFiles/cmTC_b99b7.dir/feature_tests.cxx.o -c /home/eduardo/Documents/CuarzoPlayer/lib/taglib-1.11.1/CMakeFiles/feature_tests.cxx
Linking CXX executable cmTC_b99b7
/usr/bin/cmake -E cmake_link_script CMakeFiles/cmTC_b99b7.dir/link.txt --verbose=1
/usr/bin/c++        CMakeFiles/cmTC_b99b7.dir/feature_tests.cxx.o  -o cmTC_b99b7 -rdynamic 
make[1]: Leaving directory '/home/eduardo/Documents/CuarzoPlayer/lib/taglib-1.11.1/CMakeFiles/CMakeTmp'


    Feature record: CXX_FEATURE:0cxx_aggregate_default_initializers
    Feature record: CXX_FEATURE:0cxx_alias_templates
    Feature record: CXX_FEATURE:0cxx_alignas
    Feature record: CXX_FEATURE:0cxx_alignof
    Feature record: CXX_FEATURE:0cxx_attributes
    Feature record: CXX_FEATURE:0cxx_attribute_deprecated
    Feature record: CXX_FEATURE:0cxx_auto_type
    Feature record: CXX_FEATURE:0cxx_binary_literals
    Feature record: CXX_FEATURE:0cxx_constexpr
    Feature record: CXX_FEATURE:0cxx_contextual_conversions
    Feature record: CXX_FEATURE:0cxx_decltype
    Feature record: CXX_FEATURE:0cxx_decltype_auto
    Feature record: CXX_FEATURE:0cxx_decltype_incomplete_return_types
    Feature record: CXX_FEATURE:0cxx_default_function_template_args
    Feature record: CXX_FEATURE:0cxx_defaulted_functions
    Feature record: CXX_FEATURE:0cxx_defaulted_move_initializers
    Feature record: CXX_FEATURE:0cxx_delegating_constructors
    Feature record: CXX_FEATURE:0cxx_deleted_functions
    Feature record: CXX_FEATURE:0cxx_digit_separators
    Feature record: CXX_FEATURE:0cxx_enum_forward_declarations
    Feature record: CXX_FEATURE:0cxx_explicit_conversions
    Feature record: CXX_FEATURE:0cxx_extended_friend_declarations
    Feature record: CXX_FEATURE:0cxx_extern_templates
    Feature record: CXX_FEATURE:0cxx_final
    Feature record: CXX_FEATURE:0cxx_func_identifier
    Feature record: CXX_FEATURE:0cxx_generalized_initializers
    Feature record: CXX_FEATURE:0cxx_generic_lambdas
    Feature record: CXX_FEATURE:0cxx_inheriting_constructors
    Feature record: CXX_FEATURE:0cxx_inline_namespaces
    Feature record: CXX_FEATURE:0cxx_lambdas
    Feature record: CXX_FEATURE:0cxx_lambda_init_captures
    Feature record: CXX_FEATURE:0cxx_local_type_template_args
    Feature record: CXX_FEATURE:0cxx_long_long_type
    Feature record: CXX_FEATURE:0cxx_noexcept
    Feature record: CXX_FEATURE:0cxx_nonstatic_member_init
    Feature record: CXX_FEATURE:0cxx_nullptr
    Feature record: CXX_FEATURE:0cxx_override
    Feature record: CXX_FEATURE:0cxx_range_for
    Feature record: CXX_FEATURE:0cxx_raw_string_literals
    Feature record: CXX_FEATURE:0cxx_reference_qualified_functions
    Feature record: CXX_FEATURE:0cxx_relaxed_constexpr
    Feature record: CXX_FEATURE:0cxx_return_type_deduction
    Feature record: CXX_FEATURE:0cxx_right_angle_brackets
    Feature record: CXX_FEATURE:0cxx_rvalue_references
    Feature record: CXX_FEATURE:0cxx_sizeof_member
    Feature record: CXX_FEATURE:0cxx_static_assert
    Feature record: CXX_FEATURE:0cxx_strong_enums
    Feature record: CXX_FEATURE:1cxx_template_template_parameters
    Feature record: CXX_FEATURE:0cxx_thread_local
    Feature record: CXX_FEATURE:0cxx_trailing_return_types
    Feature record: CXX_FEATURE:0cxx_unicode_literals
    Feature record: CXX_FEATURE:0cxx_uniform_initialization
    Feature record: CXX_FEATURE:0cxx_unrestricted_unions
    Feature record: CXX_FEATURE:0cxx_user_literals
    Feature record: CXX_FEATURE:0cxx_variable_templates
    Feature record: CXX_FEATURE:0cxx_variadic_macros
    Feature record: CXX_FEATURE:0cxx_variadic_templates
Determining if the include file sys/types.h exists passed with the following output:
Change Dir: /home/eduardo/Documents/CuarzoPlayer/lib/taglib-1.11.1/CMakeFiles/CMakeTmp

Run Build Command:"/usr/bin/make" "cmTC_070ba/fast"
/usr/bin/make -f CMakeFiles/cmTC_070ba.dir/build.make CMakeFiles/cmTC_070ba.dir/build
make[1]: Entering directory '/home/eduardo/Documents/CuarzoPlayer/lib/taglib-1.11.1/CMakeFiles/CMakeTmp'
Building C object CMakeFiles/cmTC_070ba.dir/CheckIncludeFile.c.o
/usr/bin/cc    -Wall    -o CMakeFiles/cmTC_070ba.dir/CheckIncludeFile.c.o   -c /home/eduardo/Documents/CuarzoPlayer/lib/taglib-1.11.1/CMakeFiles/CMakeTmp/CheckIncludeFile.c
Linking C executable cmTC_070ba
/usr/bin/cmake -E cmake_link_script CMakeFiles/cmTC_070ba.dir/link.txt --verbose=1
/usr/bin/cc   -Wall     CMakeFiles/cmTC_070ba.dir/CheckIncludeFile.c.o  -o cmTC_070ba -rdynamic 
make[1]: Leaving directory '/home/eduardo/Documents/CuarzoPlayer/lib/taglib-1.11.1/CMakeFiles/CMakeTmp'


Determining if the include file stdint.h exists passed with the following output:
Change Dir: /home/eduardo/Documents/CuarzoPlayer/lib/taglib-1.11.1/CMakeFiles/CMakeTmp

Run Build Command:"/usr/bin/make" "cmTC_3746e/fast"
/usr/bin/make -f CMakeFiles/cmTC_3746e.dir/build.make CMakeFiles/cmTC_3746e.dir/build
make[1]: Entering directory '/home/eduardo/Documents/CuarzoPlayer/lib/taglib-1.11.1/CMakeFiles/CMakeTmp'
Building C object CMakeFiles/cmTC_3746e.dir/CheckIncludeFile.c.o
/usr/bin/cc    -Wall    -o CMakeFiles/cmTC_3746e.dir/CheckIncludeFile.c.o   -c /home/eduardo/Documents/CuarzoPlayer/lib/taglib-1.11.1/CMakeFiles/CMakeTmp/CheckIncludeFile.c
Linking C executable cmTC_3746e
/usr/bin/cmake -E cmake_link_script CMakeFiles/cmTC_3746e.dir/link.txt --verbose=1
/usr/bin/cc   -Wall     CMakeFiles/cmTC_3746e.dir/CheckIncludeFile.c.o  -o cmTC_3746e -rdynamic 
make[1]: Leaving directory '/home/eduardo/Documents/CuarzoPlayer/lib/taglib-1.11.1/CMakeFiles/CMakeTmp'


Determining if the include file stddef.h exists passed with the following output:
Change Dir: /home/eduardo/Documents/CuarzoPlayer/lib/taglib-1.11.1/CMakeFiles/CMakeTmp

Run Build Command:"/usr/bin/make" "cmTC_7669e/fast"
/usr/bin/make -f CMakeFiles/cmTC_7669e.dir/build.make CMakeFiles/cmTC_7669e.dir/build
make[1]: Entering directory '/home/eduardo/Documents/CuarzoPlayer/lib/taglib-1.11.1/CMakeFiles/CMakeTmp'
Building C object CMakeFiles/cmTC_7669e.dir/CheckIncludeFile.c.o
/usr/bin/cc    -Wall    -o CMakeFiles/cmTC_7669e.dir/CheckIncludeFile.c.o   -c /home/eduardo/Documents/CuarzoPlayer/lib/taglib-1.11.1/CMakeFiles/CMakeTmp/CheckIncludeFile.c
Linking C executable cmTC_7669e
/usr/bin/cmake -E cmake_link_script CMakeFiles/cmTC_7669e.dir/link.txt --verbose=1
/usr/bin/cc   -Wall     CMakeFiles/cmTC_7669e.dir/CheckIncludeFile.c.o  -o cmTC_7669e -rdynamic 
make[1]: Leaving directory '/home/eduardo/Documents/CuarzoPlayer/lib/taglib-1.11.1/CMakeFiles/CMakeTmp'


Determining size of short passed with the following output:
Change Dir: /home/eduardo/Documents/CuarzoPlayer/lib/taglib-1.11.1/CMakeFiles/CMakeTmp

Run Build Command:"/usr/bin/make" "cmTC_7ce31/fast"
/usr/bin/make -f CMakeFiles/cmTC_7ce31.dir/build.make CMakeFiles/cmTC_7ce31.dir/build
make[1]: Entering directory '/home/eduardo/Documents/CuarzoPlayer/lib/taglib-1.11.1/CMakeFiles/CMakeTmp'
Building C object CMakeFiles/cmTC_7ce31.dir/SIZEOF_SHORT.c.o
/usr/bin/cc    -Wall    -o CMakeFiles/cmTC_7ce31.dir/SIZEOF_SHORT.c.o   -c /home/eduardo/Documents/CuarzoPlayer/lib/taglib-1.11.1/CMakeFiles/CheckTypeSize/SIZEOF_SHORT.c
Linking C executable cmTC_7ce31
/usr/bin/cmake -E cmake_link_script CMakeFiles/cmTC_7ce31.dir/link.txt --verbose=1
/usr/bin/cc   -Wall     CMakeFiles/cmTC_7ce31.dir/SIZEOF_SHORT.c.o  -o cmTC_7ce31 -rdynamic 
make[1]: Leaving directory '/home/eduardo/Documents/CuarzoPlayer/lib/taglib-1.11.1/CMakeFiles/CMakeTmp'


Determining size of int passed with the following output:
Change Dir: /home/eduardo/Documents/CuarzoPlayer/lib/taglib-1.11.1/CMakeFiles/CMakeTmp

Run Build Command:"/usr/bin/make" "cmTC_6b4a8/fast"
/usr/bin/make -f CMakeFiles/cmTC_6b4a8.dir/build.make CMakeFiles/cmTC_6b4a8.dir/build
make[1]: Entering directory '/home/eduardo/Documents/CuarzoPlayer/lib/taglib-1.11.1/CMakeFiles/CMakeTmp'
Building C object CMakeFiles/cmTC_6b4a8.dir/SIZEOF_INT.c.o
/usr/bin/cc    -Wall    -o CMakeFiles/cmTC_6b4a8.dir/SIZEOF_INT.c.o   -c /home/eduardo/Documents/CuarzoPlayer/lib/taglib-1.11.1/CMakeFiles/CheckTypeSize/SIZEOF_INT.c
Linking C executable cmTC_6b4a8
/usr/bin/cmake -E cmake_link_script CMakeFiles/cmTC_6b4a8.dir/link.txt --verbose=1
/usr/bin/cc   -Wall     CMakeFiles/cmTC_6b4a8.dir/SIZEOF_INT.c.o  -o cmTC_6b4a8 -rdynamic 
make[1]: Leaving directory '/home/eduardo/Documents/CuarzoPlayer/lib/taglib-1.11.1/CMakeFiles/CMakeTmp'


Determining size of long long passed with the following output:
Change Dir: /home/eduardo/Documents/CuarzoPlayer/lib/taglib-1.11.1/CMakeFiles/CMakeTmp

Run Build Command:"/usr/bin/make" "cmTC_52639/fast"
/usr/bin/make -f CMakeFiles/cmTC_52639.dir/build.make CMakeFiles/cmTC_52639.dir/build
make[1]: Entering directory '/home/eduardo/Documents/CuarzoPlayer/lib/taglib-1.11.1/CMakeFiles/CMakeTmp'
Building C object CMakeFiles/cmTC_52639.dir/SIZEOF_LONGLONG.c.o
/usr/bin/cc    -Wall    -o CMakeFiles/cmTC_52639.dir/SIZEOF_LONGLONG.c.o   -c /home/eduardo/Documents/CuarzoPlayer/lib/taglib-1.11.1/CMakeFiles/CheckTypeSize/SIZEOF_LONGLONG.c
Linking C executable cmTC_52639
/usr/bin/cmake -E cmake_link_script CMakeFiles/cmTC_52639.dir/link.txt --verbose=1
/usr/bin/cc   -Wall     CMakeFiles/cmTC_52639.dir/SIZEOF_LONGLONG.c.o  -o cmTC_52639 -rdynamic 
make[1]: Leaving directory '/home/eduardo/Documents/CuarzoPlayer/lib/taglib-1.11.1/CMakeFiles/CMakeTmp'


Determining size of wchar_t passed with the following output:
Change Dir: /home/eduardo/Documents/CuarzoPlayer/lib/taglib-1.11.1/CMakeFiles/CMakeTmp

Run Build Command:"/usr/bin/make" "cmTC_545aa/fast"
/usr/bin/make -f CMakeFiles/cmTC_545aa.dir/build.make CMakeFiles/cmTC_545aa.dir/build
make[1]: Entering directory '/home/eduardo/Documents/CuarzoPlayer/lib/taglib-1.11.1/CMakeFiles/CMakeTmp'
Building C object CMakeFiles/cmTC_545aa.dir/SIZEOF_WCHAR_T.c.o
/usr/bin/cc    -Wall    -o CMakeFiles/cmTC_545aa.dir/SIZEOF_WCHAR_T.c.o   -c /home/eduardo/Documents/CuarzoPlayer/lib/taglib-1.11.1/CMakeFiles/CheckTypeSize/SIZEOF_WCHAR_T.c
Linking C executable cmTC_545aa
/usr/bin/cmake -E cmake_link_script CMakeFiles/cmTC_545aa.dir/link.txt --verbose=1
/usr/bin/cc   -Wall     CMakeFiles/cmTC_545aa.dir/SIZEOF_WCHAR_T.c.o  -o cmTC_545aa -rdynamic 
make[1]: Leaving directory '/home/eduardo/Documents/CuarzoPlayer/lib/taglib-1.11.1/CMakeFiles/CMakeTmp'


Determining size of float passed with the following output:
Change Dir: /home/eduardo/Documents/CuarzoPlayer/lib/taglib-1.11.1/CMakeFiles/CMakeTmp

Run Build Command:"/usr/bin/make" "cmTC_ec17a/fast"
/usr/bin/make -f CMakeFiles/cmTC_ec17a.dir/build.make CMakeFiles/cmTC_ec17a.dir/build
make[1]: Entering directory '/home/eduardo/Documents/CuarzoPlayer/lib/taglib-1.11.1/CMakeFiles/CMakeTmp'
Building C object CMakeFiles/cmTC_ec17a.dir/SIZEOF_FLOAT.c.o
/usr/bin/cc    -Wall    -o CMakeFiles/cmTC_ec17a.dir/SIZEOF_FLOAT.c.o   -c /home/eduardo/Documents/CuarzoPlayer/lib/taglib-1.11.1/CMakeFiles/CheckTypeSize/SIZEOF_FLOAT.c
Linking C executable cmTC_ec17a
/usr/bin/cmake -E cmake_link_script CMakeFiles/cmTC_ec17a.dir/link.txt --verbose=1
/usr/bin/cc   -Wall     CMakeFiles/cmTC_ec17a.dir/SIZEOF_FLOAT.c.o  -o cmTC_ec17a -rdynamic 
make[1]: Leaving directory '/home/eduardo/Documents/CuarzoPlayer/lib/taglib-1.11.1/CMakeFiles/CMakeTmp'


Determining size of double passed with the following output:
Change Dir: /home/eduardo/Documents/CuarzoPlayer/lib/taglib-1.11.1/CMakeFiles/CMakeTmp

Run Build Command:"/usr/bin/make" "cmTC_70139/fast"
/usr/bin/make -f CMakeFiles/cmTC_70139.dir/build.make CMakeFiles/cmTC_70139.dir/build
make[1]: Entering directory '/home/eduardo/Documents/CuarzoPlayer/lib/taglib-1.11.1/CMakeFiles/CMakeTmp'
Building C object CMakeFiles/cmTC_70139.dir/SIZEOF_DOUBLE.c.o
/usr/bin/cc    -Wall    -o CMakeFiles/cmTC_70139.dir/SIZEOF_DOUBLE.c.o   -c /home/eduardo/Documents/CuarzoPlayer/lib/taglib-1.11.1/CMakeFiles/CheckTypeSize/SIZEOF_DOUBLE.c
Linking C executable cmTC_70139
/usr/bin/cmake -E cmake_link_script CMakeFiles/cmTC_70139.dir/link.txt --verbose=1
/usr/bin/cc   -Wall     CMakeFiles/cmTC_70139.dir/SIZEOF_DOUBLE.c.o  -o cmTC_70139 -rdynamic 
make[1]: Leaving directory '/home/eduardo/Documents/CuarzoPlayer/lib/taglib-1.11.1/CMakeFiles/CMakeTmp'


Performing C++ SOURCE FILE Test HAVE_GCC_ATOMIC succeeded with the following output:
Change Dir: /home/eduardo/Documents/CuarzoPlayer/lib/taglib-1.11.1/CMakeFiles/CMakeTmp

Run Build Command:"/usr/bin/make" "cmTC_7dee8/fast"
/usr/bin/make -f CMakeFiles/cmTC_7dee8.dir/build.make CMakeFiles/cmTC_7dee8.dir/build
make[1]: Entering directory '/home/eduardo/Documents/CuarzoPlayer/lib/taglib-1.11.1/CMakeFiles/CMakeTmp'
Building CXX object CMakeFiles/cmTC_7dee8.dir/src.cxx.o
/usr/bin/c++     -Wall -DHAVE_GCC_ATOMIC   -o CMakeFiles/cmTC_7dee8.dir/src.cxx.o -c /home/eduardo/Documents/CuarzoPlayer/lib/taglib-1.11.1/CMakeFiles/CMakeTmp/src.cxx
/home/eduardo/Documents/CuarzoPlayer/lib/taglib-1.11.1/CMakeFiles/CMakeTmp/src.cxx: In function int main():
/home/eduardo/Documents/CuarzoPlayer/lib/taglib-1.11.1/CMakeFiles/CMakeTmp/src.cxx:5:13: warning: unused variable y [-Wunused-variable]
         int y = __sync_sub_and_fetch(&x, 1);
             ^
Linking CXX executable cmTC_7dee8
/usr/bin/cmake -E cmake_link_script CMakeFiles/cmTC_7dee8.dir/link.txt --verbose=1
/usr/bin/c++    -Wall -DHAVE_GCC_ATOMIC    CMakeFiles/cmTC_7dee8.dir/src.cxx.o  -o cmTC_7dee8 -rdynamic 
make[1]: Leaving directory '/home/eduardo/Documents/CuarzoPlayer/lib/taglib-1.11.1/CMakeFiles/CMakeTmp'

Source file was:

      int main() {
        volatile int x;
        __sync_add_and_fetch(&x, 1);
        int y = __sync_sub_and_fetch(&x, 1);
        return 0;
      }
    
Performing C++ SOURCE FILE Test HAVE_GCC_BYTESWAP succeeded with the following output:
Change Dir: /home/eduardo/Documents/CuarzoPlayer/lib/taglib-1.11.1/CMakeFiles/CMakeTmp

Run Build Command:"/usr/bin/make" "cmTC_8efa8/fast"
/usr/bin/make -f CMakeFiles/cmTC_8efa8.dir/build.make CMakeFiles/cmTC_8efa8.dir/build
make[1]: Entering directory '/home/eduardo/Documents/CuarzoPlayer/lib/taglib-1.11.1/CMakeFiles/CMakeTmp'
Building CXX object CMakeFiles/cmTC_8efa8.dir/src.cxx.o
/usr/bin/c++     -Wall -DHAVE_GCC_BYTESWAP   -o CMakeFiles/cmTC_8efa8.dir/src.cxx.o -c /home/eduardo/Documents/CuarzoPlayer/lib/taglib-1.11.1/CMakeFiles/CMakeTmp/src.cxx
Linking CXX executable cmTC_8efa8
/usr/bin/cmake -E cmake_link_script CMakeFiles/cmTC_8efa8.dir/link.txt --verbose=1
/usr/bin/c++    -Wall -DHAVE_GCC_BYTESWAP    CMakeFiles/cmTC_8efa8.dir/src.cxx.o  -o cmTC_8efa8 -rdynamic 
make[1]: Leaving directory '/home/eduardo/Documents/CuarzoPlayer/lib/taglib-1.11.1/CMakeFiles/CMakeTmp'

Source file was:

    int main() {
      __builtin_bswap16(0);
      __builtin_bswap32(0);
      __builtin_bswap64(0);
      return 0;
    }
  
Performing C++ SOURCE FILE Test HAVE_VSNPRINTF succeeded with the following output:
Change Dir: /home/eduardo/Documents/CuarzoPlayer/lib/taglib-1.11.1/CMakeFiles/CMakeTmp

Run Build Command:"/usr/bin/make" "cmTC_5de0a/fast"
/usr/bin/make -f CMakeFiles/cmTC_5de0a.dir/build.make CMakeFiles/cmTC_5de0a.dir/build
make[1]: Entering directory '/home/eduardo/Documents/CuarzoPlayer/lib/taglib-1.11.1/CMakeFiles/CMakeTmp'
Building CXX object CMakeFiles/cmTC_5de0a.dir/src.cxx.o
/usr/bin/c++     -Wall -DHAVE_VSNPRINTF   -o CMakeFiles/cmTC_5de0a.dir/src.cxx.o -c /home/eduardo/Documents/CuarzoPlayer/lib/taglib-1.11.1/CMakeFiles/CMakeTmp/src.cxx
Linking CXX executable cmTC_5de0a
/usr/bin/cmake -E cmake_link_script CMakeFiles/cmTC_5de0a.dir/link.txt --verbose=1
/usr/bin/c++    -Wall -DHAVE_VSNPRINTF    CMakeFiles/cmTC_5de0a.dir/src.cxx.o  -o cmTC_5de0a -rdynamic 
make[1]: Leaving directory '/home/eduardo/Documents/CuarzoPlayer/lib/taglib-1.11.1/CMakeFiles/CMakeTmp'

Source file was:

  #include <cstdio>
  #include <cstdarg>
  int main() {
    char buf[20];
    va_list args;
    vsnprintf(buf, 20, "%d", args);
    return 0;
  }

